<?xml version="1.0" encoding="UTF-8"?>
<testsuite xmlns:xsi="http://www.w3.org/2001/XMLSchema-instance" xsi:noNamespaceSchemaLocation="https://maven.apache.org/surefire/maven-surefire-plugin/xsd/surefire-test-report-3.0.xsd" version="3.0" name="ec.edu.epn.calculator.CalculatorTest" time="0.092" tests="5" errors="0" skipped="0" failures="0">
  <properties>
[...]
</properties>
  <testcase name="given_two_numbers_when_division_then_ok" classname="ec.edu.epn.calculator.CalculatorTest" time="0">
    <system-out><![CDATA[setUpClass()
Test 5
]]></system-out>
  </testcase>
  <testcase name="given_two_numbers_when_add_then_ok" classname="ec.edu.epn.calculator.CalculatorTest" time="0">
    <system-out><![CDATA[Test 1
]]></system-out>
  </testcase>
  <testcase name="given_two_numbers_when_subtract_then_ok" classname="ec.edu.epn.calculator.CalculatorTest" time="0.001">
    <system-out><![CDATA[Test 2
]]></system-out>
  </testcase>
  <testcase name="given_two_numbers_when_multiplication_then_ok" classname="ec.edu.epn.calculator.CalculatorTest" time="0.001">
    <system-out><![CDATA[Test 4
]]></system-out>
  </testcase>
  <testcase name="given_a_time_when_on_time_then_ok" classname="ec.edu.epn.calculator.CalculatorTest" time="0.076">
    <system-out><![CDATA[Test 3
]]></system-out>
  </testcase>
</testsuite>