<?xml version="1.0" encoding="UTF-8"?>
<testsuite xmlns:xsi="http://www.w3.org/2001/XMLSchema-instance" xsi:noNamespaceSchemaLocation="https://maven.apache.org/surefire/maven-surefire-plugin/xsd/surefire-test-report-3.0.xsd" version="3.0" name="ec.edu.epn.calculator.CalculatorParameterizedTest" time="1.735" tests="10" errors="0" skipped="0" failures="0">
  <properties>
[...]
</properties>
  <testcase name="given_parameters_when_add_then_ok[0]" classname="ec.edu.epn.calculator.CalculatorParameterizedTest" time="0.131"/>
  <testcase name="given_parameters_when_add_then_ok[1]" classname="ec.edu.epn.calculator.CalculatorParameterizedTest" time="0"/>
  <testcase name="given_parameters_when_add_then_ok[2]" classname="ec.edu.epn.calculator.CalculatorParameterizedTest" time="0"/>
  <testcase name="given_parameters_when_add_then_ok[3]" classname="ec.edu.epn.calculator.CalculatorParameterizedTest" time="0.001"/>
  <testcase name="given_parameters_when_add_then_ok[4]" classname="ec.edu.epn.calculator.CalculatorParameterizedTest" time="0.001"/>
  <testcase name="given_parameters_when_add_then_ok[5]" classname="ec.edu.epn.calculator.CalculatorParameterizedTest" time="0.001"/>
  <testcase name="given_parameters_when_add_then_ok[6]" classname="ec.edu.epn.calculator.CalculatorParameterizedTest" time="0.001"/>
  <testcase name="given_parameters_when_add_then_ok[7]" classname="ec.edu.epn.calculator.CalculatorParameterizedTest" time="0"/>
  <testcase name="given_parameters_when_add_then_ok[8]" classname="ec.edu.epn.calculator.CalculatorParameterizedTest" time="0.002"/>
  <testcase name="given_parameters_when_add_then_ok[9]" classname="ec.edu.epn.calculator.CalculatorParameterizedTest" time="0.001"/>
</testsuite>